
> flyeng-career-platform@0.1.0 build
> next build

  Γû▓ Next.js 14.2.25
  - Environments: .env.local, .env
  - Experiments (use with caution):
    ┬╖ turbo

   Creating an optimized production build ...
node.exe : <w> [webpack.cache.Pac
kFileCacheStrategy] Serializing 
big strings (130kiB) impacts 
deserialization performance 
(consider using Buffer instead 
and decode when needed)
At C:\Program 
Files\nodejs\npm.ps1:29 char:3
+   & $NODE_EXE $NPM_CLI_JS $args
+   ~~~~~~~~~~~~~~~~~~~~~~~~~~~~~
    + CategoryInfo          : No 
   tSpecified: (<w> [webpack.ca  
  ...de when needed):String) [   
 ], RemoteException
    + FullyQualifiedErrorId : Na 
   tiveCommandError
 
(node:12388) [DEP0040] 
DeprecationWarning: The 
`punycode` module is deprecated. 
Please use a userland 
alternative instead.
(Use `node --trace-deprecation 
...` to show where the warning 
was created)
request to https://fonts.gstatic.
com/s/inter/v20/UcC73FwrK3iLTeHuS
_nVMrMxCp50SjIa1pL7W0Q5n-wU.woff2
 failed, reason: Client network 
socket disconnected before 
secure TLS connection was 
established

Retrying 1/3...
request to https://fonts.gstatic.
com/s/inter/v20/UcC73FwrK3iLTeHuS
_nVMrMxCp50SjIa2pL7W0Q5n-wU.woff2
 failed, reason: Client network 
socket disconnected before 
secure TLS connection was 
established

Retrying 1/3...
request to https://fonts.gstatic.
com/s/oswald/v57/TK3IWkUHHAIjg75c
FRf3bXL8LICs1_Fv40pKlN4NNSeSASz7F
mlbHYjMdZwlou4.woff2 failed, 
reason: socket hang up

Retrying 1/3...
request to https://fonts.gstatic.
com/s/inter/v20/UcC73FwrK3iLTeHuS
_nVMrMxCp50SjIa0ZL7W0Q5n-wU.woff2
 failed, reason: Client network 
socket disconnected before 
secure TLS connection was 
established

Retrying 1/3...
request to https://fonts.gstatic.
com/s/inter/v20/UcC73FwrK3iLTeHuS
_nVMrMxCp50SjIa2JL7W0Q5n-wU.woff2
 failed, reason: Client network 
socket disconnected before 
secure TLS connection was 
established

Retrying 1/3...
request to https://fonts.gstatic.
com/s/inter/v20/UcC73FwrK3iLTeHuS
_nVMrMxCp50SjIa1ZL7W0Q5nw.woff2 
failed, reason: Client network 
socket disconnected before 
secure TLS connection was 
established

Retrying 1/3...
request to https://fonts.gstatic.
com/s/oswald/v57/TK3IWkUHHAIjg75c
FRf3bXL8LICs1_Fv40pKlN4NNSeSASz7F
mlYHYjMdZwlou4.woff2 failed, 
reason: socket hang up

Retrying 1/3...
request to https://fonts.gstatic.
com/s/outfit/v15/QGYvz_MVcBeNP4NJ
tEtqUYLknw.woff2 failed, reason: 
socket hang up

Retrying 1/3...
request to https://fonts.gstatic.
com/s/oswald/v57/TK3IWkUHHAIjg75c
FRf3bXL8LICs1_Fv40pKlN4NNSeSASz7F
mlSHYjMdZwlou4.woff2 failed, 
reason: socket hang up

Retrying 1/3...
request to https://fonts.gstatic.
com/s/inter/v20/UcC73FwrK3iLTeHuS
_nVMrMxCp50SjIa2ZL7W0Q5n-wU.woff2
 failed, reason: Client network 
socket disconnected before 
secure TLS connection was 
established

Retrying 1/3...
request to https://fonts.gstatic.
com/s/oswald/v57/TK3IWkUHHAIjg75c
FRf3bXL8LICs1_Fv40pKlN4NNSeSASz7F
mlSHYjMdZwlou4.woff2 failed, 
reason: socket hang up

Retrying 1/3...
request to https://fonts.gstatic.
com/s/inter/v20/UcC73FwrK3iLTeHuS
_nVMrMxCp50SjIa25L7W0Q5n-wU.woff2
 failed, reason: Client network 
socket disconnected before 
secure TLS connection was 
established

Retrying 1/3...
request to https://fonts.gstatic.
com/s/oswald/v57/TK3IWkUHHAIjg75c
FRf3bXL8LICs1_Fv40pKlN4NNSeSASz7F
mlZHYjMdZwlou4.woff2 failed, 
reason: socket hang up

Retrying 1/3...
request to https://fonts.gstatic.
com/s/plusjakartasans/v12/LDIoaom
QNQcsA88c7O9yZ4KMCoOg4Ko40yygg_vb
d-E.woff2 failed, reason: Client 
network socket disconnected 
before secure TLS connection was 
established

Retrying 1/3...
request to https://fonts.gstatic.
com/s/oswald/v57/TK3IWkUHHAIjg75c
FRf3bXL8LICs1_Fv40pKlN4NNSeSASz7F
mlZHYjMdZwlou4.woff2 failed, 
reason: socket hang up

Retrying 1/3...
request to https://fonts.gstatic.
com/s/inter/v20/UcC73FwrK3iLTeHuS
_nVMrMxCp50SjIa2ZL7W0Q5n-wU.woff2
 failed, reason: Client network 
socket disconnected before 
secure TLS connection was 
established

Retrying 1/3...
request to https://fonts.gstatic.
com/s/inter/v20/UcC73FwrK3iLTeHuS
_nVMrMxCp50SjIa2pL7W0Q5n-wU.woff2
 failed, reason: Client network 
socket disconnected before 
secure TLS connection was 
established

Retrying 1/3...
request to https://fonts.gstatic.
com/s/oswald/v57/TK3IWkUHHAIjg75c
FRf3bXL8LICs1_Fv40pKlN4NNSeSASz7F
mlbHYjMdZwlou4.woff2 failed, 
reason: socket hang up

Retrying 1/3...
request to https://fonts.gstatic.
com/s/oswald/v57/TK3IWkUHHAIjg75c
FRf3bXL8LICs1_Fv40pKlN4NNSeSASz7F
mlYHYjMdZwlou4.woff2 failed, 
reason: socket hang up

Retrying 1/3...
request to https://fonts.gstatic.
com/s/oswald/v57/TK3IWkUHHAIjg75c
FRf3bXL8LICs1_Fv40pKlN4NNSeSASz7F
mlWHYjMdZwl.woff2 failed, 
reason: socket hang up

Retrying 1/3...
request to https://fonts.gstatic.
com/s/outfit/v15/QGYvz_MVcBeNP4NJ
uktqUYLkn8BJ.woff2 failed, 
reason: socket hang up

Retrying 1/3...
request to https://fonts.gstatic.
com/s/plusjakartasans/v12/LDIoaom
QNQcsA88c7O9yZ4KMCoOg4Ko20yygg_vb
.woff2 failed, reason: Client 
network socket disconnected 
before secure TLS connection was 
established

Retrying 1/3...
request to https://fonts.gstatic.
com/s/oswald/v57/TK3IWkUHHAIjg75c
FRf3bXL8LICs1_Fv40pKlN4NNSeSASz7F
mlWHYjMdZwl.woff2 failed, 
reason: socket hang up

Retrying 1/3...
request to https://fonts.gstatic.
com/s/plusjakartasans/v12/LDIoaom
QNQcsA88c7O9yZ4KMCoOg4Ko70yygg_vb
d-E.woff2 failed, reason: Client 
network socket disconnected 
before secure TLS connection was 
established

Retrying 1/3...
request to https://fonts.gstatic.
com/s/inter/v20/UcC73FwrK3iLTeHuS
_nVMrMxCp50SjIa0ZL7W0Q5n-wU.woff2
 failed, reason: Client network 
socket disconnected before 
secure TLS connection was 
established

Retrying 1/3...
request to https://fonts.gstatic.
com/s/plusjakartasans/v12/LDIoaom
QNQcsA88c7O9yZ4KMCoOg4Ko50yygg_vb
d-E.woff2 failed, reason: Client 
network socket disconnected 
before secure TLS connection was 
established

Retrying 1/3...
request to https://fonts.gstatic.
com/s/inter/v20/UcC73FwrK3iLTeHuS
_nVMrMxCp50SjIa1pL7W0Q5n-wU.woff2
 failed, reason: Client network 
socket disconnected before 
secure TLS connection was 
established

Retrying 1/3...
request to https://fonts.gstatic.
com/s/inter/v20/UcC73FwrK3iLTeHuS
_nVMrMxCp50SjIa2JL7W0Q5n-wU.woff2
 failed, reason: Client network 
socket disconnected before 
secure TLS connection was 
established

Retrying 1/3...
request to https://fonts.gstatic.
com/s/inter/v20/UcC73FwrK3iLTeHuS
_nVMrMxCp50SjIa25L7W0Q5n-wU.woff2
 failed, reason: Client network 
socket disconnected before 
secure TLS connection was 
established

Retrying 1/3...
request to https://fonts.gstatic.
com/s/inter/v20/UcC73FwrK3iLTeHuS
_nVMrMxCp50SjIa1ZL7W0Q5nw.woff2 
failed, reason: Client network 
socket disconnected before 
secure TLS connection was 
established

Retrying 1/3...
 ΓÜá Compiled with warnings
   Skipping validation of types

   Skipping linting
./node_modules/@supabase/realtime
-js/dist/module/lib/websocket-fac
tory.js
A Node.js API is used 
(process.versions at line: 39) 
which is not supported in the 
Edge Runtime.
Learn more: https://nextjs.org/do
cs/api-reference/edge-runtime

Import trace for requested 
module:
./node_modules/@supabase/realtime
-js/dist/module/lib/websocket-fac
tory.js
./node_modules/@supabase/realtime
-js/dist/module/index.js
./node_modules/@supabase/supabase
-js/dist/index.mjs
./node_modules/@supabase/ssr/dist
/module/createBrowserClient.js
./node_modules/@supabase/ssr/dist
/module/index.js
./utils/supabase/middleware.ts

./node_modules/@supabase/supabase
-js/dist/index.mjs
A Node.js API is used 
(process.version at line: 395) 
which is not supported in the 
Edge Runtime.
Learn more: https://nextjs.org/do
cs/api-reference/edge-runtime

Import trace for requested 
module:
./node_modules/@supabase/supabase
-js/dist/index.mjs
./node_modules/@supabase/ssr/dist
/module/createBrowserClient.js
./node_modules/@supabase/ssr/dist
/module/index.js
./utils/supabase/middleware.ts

   Collecting page data ...


#
# Fatal process out of memory: 
Failed to reserve virtual memory 
for CodeRange
#
----- Native stack trace -----

 1: 00007FF68B3B097D 
 2: 00007FF68B294CBF 
 3: 00007FF68C449FA6 
 4: 00007FF68BE98B73 
 5: 00007FF68BE85A06 
 6: 00007FF68BCE2E3E 
 7: 00007FF68BD469D7 
 8: 00007FF68B97674E 
 9: 00007FF68BE8E811 
10: 00007FF68B3F01ED 
11: 00007FF68B2C3913 
12: 00007FF68B360C02 
13: 00007FF68B35F977 
14: 00007FF68B07E4BC 
15: 00007FF68CB3A950 
16: 00007FF9A840E8D7 
BaseThreadInitThunk+23
17: 00007FF9A938C40C 
RtlUserThreadStart+44
 Γ¿» Next.js build worker exited 
with code: 2147483651 and 
signal: null
